MPASM  5.51                  SEMAFORO4_V2.ASM   10-7-2019  12:44:24         PAGE  1


LOC  OBJECT CODE     LINE SOURCE TEXT
  VALUE

Warning[205]: Found directive in column 1. (list)
                      00001 list p=16f874
                      00002         include<p16F874.inc>
                      00001         LIST
                      00002 
                      00003 ;==========================================================================
                      00004 ;  MPASM PIC16F874 processor include
                      00005 ; 
                      00006 ;  (c) Copyright 1999-2013 Microchip Technology, All rights reserved
                      00007 ;==========================================================================
                      00008 
                      00542         LIST
                      00003 ;Directivas del compilador
2007   3FF9           00004         __CONFIG _XT_OSC & _WDT_OFF ;RC OSC     ---> Oscilador del reloj: XT = cristal de cuarzo 
                      00005                                                                 ;WDT            ---> Watchdog timer
                      00006                                                                 ;PWR            ---> Power Reset. Tempor
                            al
                      00007                                                                 ;CP             ---> Code protect
                      00008 
  0000001F            00009 secuencia1      equ             h'1F'                   ;memoria de datos. En la posición hexa '1f' colo
                            car 'secuencia1'
  0000001E            00010 secuencia2      equ     h'1E'                   ;memoria de datos. En la posición hexa '1e' colocar 'sec
                            uencia2'
  0000001D            00011 secuencia3      equ             h'1D'
  0000001C            00012 secuencia4      equ             h'1C'
                      00013 
  0000003F            00014 cont1           equ             h'3F'                   ;Variables de contador en las localidades de mem
                            oria 3F - 3C
  0000003E            00015 cont2           equ             h'3E'
  0000003D            00016 cont3           equ             h'3D'
  0000003C            00017 cont4           equ             h'3C'
                      00018                                                                         ;Variables contadoras de los seg
                            undos
  0000004E            00019 cont25          equ             h'4E'
  0000004D            00020 cont5           equ             h'4D'
                      00021         
                      00022                 org             0
                      00023 
                      00024                 ;Terminan las directivas del compilador
                      00025                 ;Configurar entradas y salidas. Inicialización del sistema.
                      00026 
0000   0186           00027                 clrf    PORTB
0001   1683           00028                 bsf             STATUS,RP0
0002   3000           00029                 movlw   b'00000000'
Message[302]: Register in operand not in bank 0.  Ensure that bank bits are correct.
0003   0086           00030                 movwf   TRISB
0004   1283           00031                 bcf             STATUS,RP0
                      00032 
                      00033                 ;Terminamos de configurar los puertos
                      00034                 ;Secuencia
                      00035                 ;Rojo - Amarillo - Verde  |     Rojo - Amarillo - Verde
                      00036                 ;1              0                       0               0               0               
                            1                       -->     25s
MPASM  5.51                  SEMAFORO4_V2.ASM   10-7-2019  12:44:24         PAGE  2


LOC  OBJECT CODE     LINE SOURCE TEXT
  VALUE

                      00037                 ;1              0                       0               0               1               
                            0                       --> 5s
                      00038                 ;0              0                       1               1               0               
                            0                       --> 25s
                      00039                 ;0              1                       0               1               0               
                            0                       --> 5s
                      00040 
                      00041                 ;Incialización de variables
                      00042                 ;movlw  b'00100001'     Mover a W la primera secuencia del semáforo.
                      00043                 ;movwf  secuencia1              Mover la secuencia 1 a la variable sec1. Se hará lo mism
                            o con las demás secuencias.
                      00044                 ;movlw  b'00100010'     
                      00045                 ;movwf  secuencia2
                      00046                 ;movlw  b'00001100'     
                      00047                 ;movwf  secuencia3
                      00048                 ;movlw  b'00010100'     
                      00049                 ;movwf  secuencia4
                      00050 
                      00051         ;------------->Nota 1: Vea que el PIC está trabajando con un oscilador de 20MHz. Teniendo en cue
                            nta que un ciclo de 
                      00052                                    ;máquina equivale a 4 ciclos de reloj, tenemos que le tomaría 1 micro
                            segundo ejecutar 5 instrucciones
                      00053                                    ;por lo cual hay que retrasar al PIC de manera que ejecute 100x100x50
                            0 instrucciones en un segundo.
                      00054                 
                      00055         ;------------->;Nota 2: Dado que es muy lento el proceso de prueba para este programa, los tiemp
                            os tienen que ser modificados ligeramente,
                      00056                                    ;de manera que los contadores de los segundos tengan su valor origina
                            l (5 y 25 en lugar de 125 y 25) y los contadores
                      00057                                    ;de los loops trabajen con un 1 en lugar de 100. De esta manera se pu
                            ede ver cómo funcionaría el PIC en el mundo real.  
                      00058         
                      00059         ;------------->;Nota 3: Esta implementación es por fuerza bruta. No es la manera más elegante de
                             hacerlo, pero funciona y está fácil de entender.
                      00060 
0005   3019           00061                 movlw   d'25'   ;Iniciarlos con 5 veces el valor de los segundos que requiramos debido a
                             la frecuencia del oscilador
0006   00CE           00062                 movwf   cont25  ;En el caso del contador de 25 segundos, el valor será de 125. Debido a 
                            que es la versión de prueba los inicializamos con su valor verdadero
0007   3005           00063                 movlw   d'5'    ;En el caso del contador de 25 segundos, el valor será de 25
0008   00CD           00064                 movwf   cont5
                      00065         ;<--------------------> Comienza el programa con el primer loop
0009   3021           00066 c1:     movlw   b'00100001'             ;Al comenzar el primer loop, ponemos la primera secuencia en el 
                            PORTB
000A   0086           00067                 movwf   PORTB
000B   3019           00068                 movlw   d'25'                   
000C   00CE           00069                 movwf   cont25
000D   3005           00070                 movlw   d'5'
000E   00CD           00071                 movwf   cont5
000F   3001           00072 loopb:  movlw   d'1'                    ;Es importante mencionar que si queremos la versión que correrá 
                            sobre el PIC, es necesario
0010   00BF           00073                 movwf   cont1                   ;cambiar este valor 1 por un 100 debido a la frecuencia 
                            del oscilador que maneja el PIC.
MPASM  5.51                  SEMAFORO4_V2.ASM   10-7-2019  12:44:24         PAGE  3


LOC  OBJECT CODE     LINE SOURCE TEXT
  VALUE

0011   00BE           00074 loopc:  movwf   cont2
0012   00BD           00075 loopd:  movwf   cont3
0013   0BBD           00076 loope:  decfsz  cont3,f
0014   2???           00077                 goto    loope
0015   0BBE           00078                 decfsz  cont2,f
0016   2???           00079                 goto    loopd
0017   0BBF           00080                 decfsz  cont1,f
0018   2???           00081                 goto    loopc
                      00082                 
Message[305]: Using default destination of 1 (file).
0019   0BCE           00083                 decfsz  cont25                  ;Hasta este punto, se supone que cada vez que se ejecute
                             esta instrucción, habrá pasado un segundo entero
001A   2???           00084                 goto    loopb                   ;Al descontar un segundo, saltamos de nuevo al loopb par
                            a contar otro segundo
001B   2???           00085                 goto    c2                              ;En este punto tenemos que mandar el ciclo a una
                             nueva etiqueta que empiece a contar los 5 segundos 
                      00086         ;<------------------->  Comienza el segundo loop
001C   3022           00087 c2:     movlw   b'00100010'             ;Comenzamos el segundo loop y metemos el siguiente valor de la s
                            ecuencia en el PORTB
001D   0086           00088                 movwf   PORTB
001E   3001           00089 lb2:    movlw   d'1'                    ;Luego volvemos a inicializar los contadores
001F   00BF           00090                 movwf   cont1
0020   00BE           00091 lc2:    movwf   cont2
0021   00BD           00092 ld2:    movwf   cont3
0022   0BBD           00093 le2:    decfsz  cont3,f
0023   2???           00094                 goto    le2
0024   0BBE           00095                 decfsz  cont2,f
0025   2???           00096                 goto    ld2
0026   0BBF           00097                 decfsz  cont1,f
0027   2???           00098                 goto    lc2
Message[305]: Using default destination of 1 (file).
0028   0BCD           00099                 decfsz  cont5                   ;Hasta este punto, se supone que cada vez que se ejecute
                             esta instrucción, habrá pasado un segundo entero
0029   2???           00100                 goto    lb2                             ;Al descontar un segundo, saltamos de nuevo al l
                            b2 para contar otro segundo
002A   2???           00101                 goto    c3                              ;En este punto tenemos que mandar el ciclo a una
                             nueva etiqueta que empiece a contar los 25 segundos de nuevo
                      00102         ;<---------------------> Comienza el tercer loop                
002B   300C           00103 c3:     movlw   b'00001100'             ;por lo cual ponemos el valor de la secuencia 3 en el PORTB
002C   0086           00104                 movwf   PORTB
                      00105         ;En este punto tenemos que reiniciar los contadores de 5 y 25 segundos
002D   3019           00106                 movlw   d'25'                   
002E   00CE           00107                 movwf   cont25
002F   3005           00108                 movlw   d'5'
0030   00CD           00109                 movwf   cont5
0031   3001           00110 lb3:    movlw   d'1'    ;Reiniciamos los contadores de los loops anidados. Recordar que la versión de pr
                            ueba del programa trabaja con           
0032   00BF           00111                 movwf   cont1   ;un 1 en lugar de un 100, que sería el valor real de los contadores de l
                            os loops anidados.
0033   00BE           00112 lc3:    movwf   cont2
0034   00BD           00113 ld3:    movwf   cont3
0035   0BBD           00114 le3:    decfsz  cont3,f
0036   2???           00115                 goto    le3
MPASM  5.51                  SEMAFORO4_V2.ASM   10-7-2019  12:44:24         PAGE  4


LOC  OBJECT CODE     LINE SOURCE TEXT
  VALUE

0037   0BBE           00116                 decfsz  cont2,f
0038   2???           00117                 goto    ld3
0039   0BBF           00118                 decfsz  cont1,f
003A   2???           00119                 goto    lc3
Message[305]: Using default destination of 1 (file).
003B   0BCE           00120                 decfsz  cont25                  ;Se decrementa el valor del 25
003C   2???           00121                 goto    lb3                     
003D   2???           00122                 goto    c4                              ;En este punto llamamos al ciclo de la última se
                            cuencia
                      00123         ;<----------------------> Comienza el cuarto loop
003E   3014           00124 c4:     movlw   b'00010100'             
003F   0086           00125                 movwf   PORTB
0040   3001           00126 lb4:    movlw   d'1'                    ;Luego volvemos a inicializar los contadores
0041   00BF           00127                 movwf   cont1
0042   00BE           00128 lc4:    movwf   cont2
0043   00BD           00129 ld4:    movwf   cont3
0044   0BBD           00130 le4:    decfsz  cont3,f
0045   2???           00131                 goto    le4
0046   0BBE           00132                 decfsz  cont2,f
0047   2???           00133                 goto    ld4
0048   0BBF           00134                 decfsz  cont1,f
0049   2???           00135                 goto    lc4
Message[305]: Using default destination of 1 (file).
004A   0BCD           00136                 decfsz  cont5                   
004B   2???           00137                 goto    lb4                             
004C   2???           00138                 goto    c1      
                      00139                 
3FF9                  00140                 end
MPASM  5.51                  SEMAFORO4_V2.ASM   10-7-2019  12:44:24         PAGE  5


SYMBOL TABLE
  LABEL                             VALUE 

ACKDT                             00000005
ACKEN                             00000004
ACKSTAT                           00000006
ADCON0                            0000001F
ADCON1                            0000009F
ADCS0                             00000006
ADCS1                             00000007
ADDEN                             00000003
ADFM                              00000007
ADIE                              00000006
ADIF                              00000006
ADON                              00000000
ADRESH                            0000001E
ADRESL                            0000009E
BCLIE                             00000003
BCLIF                             00000003
BF                                00000000
BRGH                              00000002
C                                 00000000
CCP1CON                           00000017
CCP1IE                            00000002
CCP1IF                            00000002
CCP1M0                            00000000
CCP1M1                            00000001
CCP1M2                            00000002
CCP1M3                            00000003
CCP1X                             00000005
CCP1Y                             00000004
CCP2CON                           0000001D
CCP2IE                            00000000
CCP2IF                            00000000
CCP2M0                            00000000
CCP2M1                            00000001
CCP2M2                            00000002
CCP2M3                            00000003
CCP2X                             00000005
CCP2Y                             00000004
CCPR1                             00000015
CCPR1H                            00000016
CCPR1L                            00000015
CCPR2                             0000001B
CCPR2H                            0000001C
CCPR2L                            0000001B
CHS0                              00000003
CHS1                              00000004
CHS2                              00000005
CKE                               00000006
CKP                               00000004
CREN                              00000004
CSRC                              00000007
D                                 00000005
DATA_ADDRESS                      00000005
DC                                00000001
MPASM  5.51                  SEMAFORO4_V2.ASM   10-7-2019  12:44:24         PAGE  6


SYMBOL TABLE
  LABEL                             VALUE 

D_A                               00000005
D_NOT_A                           00000005
EEADR                             0000010D
EEADRH                            0000010F
EECON1                            0000018C
EECON2                            0000018D
EEDATA                            0000010C
EEDATH                            0000010E
EEIE                              00000004
EEIF                              00000004
EEPGD                             00000007
F                                 00000001
FERR                              00000002
FSR                               00000004
GCEN                              00000007
GIE                               00000007
GO                                00000002
GO_DONE                           00000002
GO_NOT_DONE                       00000002
I2C_DATA                          00000005
I2C_READ                          00000002
I2C_START                         00000003
I2C_STOP                          00000004
IBF                               00000007
IBOV                              00000005
INDF                              00000000
INTCON                            0000000B
INTE                              00000004
INTEDG                            00000006
INTF                              00000001
IRP                               00000007
NOT_A                             00000005
NOT_ADDRESS                       00000005
NOT_BO                            00000000
NOT_BOR                           00000000
NOT_DONE                          00000002
NOT_PD                            00000003
NOT_POR                           00000001
NOT_RBPU                          00000007
NOT_RC8                           00000006
NOT_T1SYNC                        00000002
NOT_TO                            00000004
NOT_TX8                           00000006
NOT_W                             00000002
NOT_WRITE                         00000002
OBF                               00000006
OERR                              00000001
OPTION_REG                        00000081
P                                 00000004
PCFG0                             00000000
PCFG1                             00000001
PCFG2                             00000002
PCFG3                             00000003
MPASM  5.51                  SEMAFORO4_V2.ASM   10-7-2019  12:44:24         PAGE  7


SYMBOL TABLE
  LABEL                             VALUE 

PCL                               00000002
PCLATH                            0000000A
PCON                              0000008E
PEIE                              00000006
PEN                               00000002
PIE1                              0000008C
PIE2                              0000008D
PIR1                              0000000C
PIR2                              0000000D
PORTA                             00000005
PORTB                             00000006
PORTC                             00000007
PORTD                             00000008
PORTE                             00000009
PR2                               00000092
PS0                               00000000
PS1                               00000001
PS2                               00000002
PSA                               00000003
PSPIE                             00000007
PSPIF                             00000007
PSPMODE                           00000004
R                                 00000002
RA0                               00000000
RA1                               00000001
RA2                               00000002
RA3                               00000003
RA4                               00000004
RA5                               00000005
RB0                               00000000
RB1                               00000001
RB2                               00000002
RB3                               00000003
RB4                               00000004
RB5                               00000005
RB6                               00000006
RB7                               00000007
RBIE                              00000003
RBIF                              00000000
RC0                               00000000
RC1                               00000001
RC2                               00000002
RC3                               00000003
RC4                               00000004
RC5                               00000005
RC6                               00000006
RC7                               00000007
RC8_9                             00000006
RC9                               00000006
RCD8                              00000000
RCEN                              00000003
RCIE                              00000005
RCIF                              00000005
MPASM  5.51                  SEMAFORO4_V2.ASM   10-7-2019  12:44:24         PAGE  8


SYMBOL TABLE
  LABEL                             VALUE 

RCREG                             0000001A
RCSTA                             00000018
RD                                00000000
RD0                               00000000
RD1                               00000001
RD2                               00000002
RD3                               00000003
RD4                               00000004
RD5                               00000005
RD6                               00000006
RD7                               00000007
RE0                               00000000
RE1                               00000001
RE2                               00000002
READ_WRITE                        00000002
RP0                               00000005
RP1                               00000006
RSEN                              00000001
RX9                               00000006
RX9D                              00000000
R_NOT_W                           00000002
R_W                               00000002
S                                 00000003
SEN                               00000000
SMP                               00000007
SPBRG                             00000099
SPEN                              00000007
SREN                              00000005
SSPADD                            00000093
SSPBUF                            00000013
SSPCON                            00000014
SSPCON2                           00000091
SSPEN                             00000005
SSPIE                             00000003
SSPIF                             00000003
SSPM0                             00000000
SSPM1                             00000001
SSPM2                             00000002
SSPM3                             00000003
SSPOV                             00000006
SSPSTAT                           00000094
STATUS                            00000003
SYNC                              00000004
T0CS                              00000005
T0IE                              00000005
T0IF                              00000002
T0SE                              00000004
T1CKPS0                           00000004
T1CKPS1                           00000005
T1CON                             00000010
T1INSYNC                          00000002
T1OSCEN                           00000003
T1SYNC                            00000002
MPASM  5.51                  SEMAFORO4_V2.ASM   10-7-2019  12:44:24         PAGE  9


SYMBOL TABLE
  LABEL                             VALUE 

T2CKPS0                           00000000
T2CKPS1                           00000001
T2CON                             00000012
TMR0                              00000001
TMR0IE                            00000005
TMR0IF                            00000002
TMR1                              0000000E
TMR1CS                            00000001
TMR1H                             0000000F
TMR1IE                            00000000
TMR1IF                            00000000
TMR1L                             0000000E
TMR1ON                            00000000
TMR2                              00000011
TMR2IE                            00000001
TMR2IF                            00000001
TMR2ON                            00000002
TOUTPS0                           00000003
TOUTPS1                           00000004
TOUTPS2                           00000005
TOUTPS3                           00000006
TRISA                             00000085
TRISA0                            00000000
TRISA1                            00000001
TRISA2                            00000002
TRISA3                            00000003
TRISA4                            00000004
TRISA5                            00000005
TRISB                             00000086
TRISB0                            00000000
TRISB1                            00000001
TRISB2                            00000002
TRISB3                            00000003
TRISB4                            00000004
TRISB5                            00000005
TRISB6                            00000006
TRISB7                            00000007
TRISC                             00000087
TRISC0                            00000000
TRISC1                            00000001
TRISC2                            00000002
TRISC3                            00000003
TRISC4                            00000004
TRISC5                            00000005
TRISC6                            00000006
TRISC7                            00000007
TRISD                             00000088
TRISD0                            00000000
TRISD1                            00000001
TRISD2                            00000002
TRISD3                            00000003
TRISD4                            00000004
TRISD5                            00000005
MPASM  5.51                  SEMAFORO4_V2.ASM   10-7-2019  12:44:24         PAGE 10


SYMBOL TABLE
  LABEL                             VALUE 

TRISD6                            00000006
TRISD7                            00000007
TRISE                             00000089
TRISE0                            00000000
TRISE1                            00000001
TRISE2                            00000002
TRMT                              00000001
TX8_9                             00000006
TX9                               00000006
TX9D                              00000000
TXD8                              00000000
TXEN                              00000005
TXIE                              00000004
TXIF                              00000004
TXREG                             00000019
TXSTA                             00000098
UA                                00000001
W                                 00000000
WCOL                              00000007
WR                                00000001
WREN                              00000002
WRERR                             00000003
Z                                 00000002
_BODEN_OFF                        00003FBF
_BODEN_ON                         00003FFF
_BOREN_OFF                        00003FBF
_BOREN_ON                         00003FFF
_CONFIG                           00002007
_CPD_OFF                          00003FFF
_CPD_ON                           00003EFF
_CP_ALL                           00000FCF
_CP_HALF                          00001FDF
_CP_OFF                           00003FFF
_CP_UPPER_256                     00002FEF
_DEBUG_OFF                        00003FFF
_DEBUG_ON                         000037FF
_DEVID1                           00002006
_FOSC_EXTRC                       00003FFF
_FOSC_HS                          00003FFE
_FOSC_LP                          00003FFC
_FOSC_XT                          00003FFD
_HS_OSC                           00003FFE
_IDLOC0                           00002000
_IDLOC1                           00002001
_IDLOC2                           00002002
_IDLOC3                           00002003
_LP_OSC                           00003FFC
_LVP_OFF                          00003F7F
_LVP_ON                           00003FFF
_PWRTE_OFF                        00003FFF
_PWRTE_ON                         00003FF7
_RC_OSC                           00003FFF
_WDTE_OFF                         00003FFB
MPASM  5.51                  SEMAFORO4_V2.ASM   10-7-2019  12:44:24         PAGE 11


SYMBOL TABLE
  LABEL                             VALUE 

_WDTE_ON                          00003FFF
_WDT_OFF                          00003FFB
_WDT_ON                           00003FFF
_WRT_ENABLE_OFF                   00003DFF
_WRT_ENABLE_ON                    00003FFF
_WRT_OFF                          00003DFF
_WRT_ON                           00003FFF
_XT_OSC                           00003FFD
__16F874                          00000001
__DEBUG                           1
c1                                00000009
c2                                0000001C
c3                                0000002B
c4                                0000003E
cont1                             0000003F
cont2                             0000003E
cont25                            0000004E
cont3                             0000003D
cont4                             0000003C
cont5                             0000004D
lb2                               0000001E
lb3                               00000031
lb4                               00000040
lc2                               00000020
lc3                               00000033
lc4                               00000042
ld2                               00000021
ld3                               00000034
ld4                               00000043
le2                               00000022
le3                               00000035
le4                               00000044
loopb                             0000000F
loopc                             00000011
loopd                             00000012
loope                             00000013
secuencia1                        0000001F
secuencia2                        0000001E
secuencia3                        0000001D
secuencia4                        0000001C

Errors   :     0
Warnings :     1 reported,     0 suppressed
Messages :     5 reported,     0 suppressed

